<?xml version="1.0" encoding="UTF-8"?>
<!-- Generated by org.testng.reporters.JUnitXMLReporter -->
<testsuite ignored="0" hostname="Lenovo-PC" failures="0" tests="9" name="Surefire test" time="76.6" errors="0" timestamp="2022-04-09T22:55:50 IST">
  <testcase classname="testcases.HomePageTest" name="getPageTitle" time="9.006"/>
  <testcase classname="testcases.HomePageTest" name="search" time="1.656"/>
  <testcase classname="testcases.HomePageTest" name="clicksignin" time="3.182"/>
  <testcase classname="testcases.LoginPageTest" name="pagetitletest" time="0.027"/>
  <testcase classname="testcases.LoginPageTest" name="validateloginid" time="0.673"/>
  <testcase classname="testcases.LoginPageTest" name="enterloginid" time="0.399"/>
  <testcase classname="testcases.LoginPageTest" name="validatepass" time="0.219"/>
  <testcase classname="testcases.LoginPageTest" name="enterpasswrd" time="0.441"/>
  <testcase classname="testcases.LoginPageTest" name="submitcredentials" time="6.886"/>
</testsuite> <!-- Surefire test -->
