<?xml version="1.0" encoding="UTF-8"?>
<!-- Generated by org.testng.reporters.JUnitXMLReporter -->
<testsuite ignored="0" hostname="Lenovo-PC" failures="0" tests="6" name="Test" time="71.333" errors="0" timestamp="2022-04-09T21:28:06 IST">
  <testcase classname="testcases.LoginPageTest" name="pagetitletest" time="0.074"/>
  <testcase classname="testcases.LoginPageTest" name="validateloginid" time="0.271"/>
  <testcase classname="testcases.LoginPageTest" name="enterloginid" time="1.552"/>
  <testcase classname="testcases.LoginPageTest" name="validatepass" time="0.314"/>
  <testcase classname="testcases.LoginPageTest" name="enterpasswrd" time="0.54"/>
  <testcase classname="testcases.LoginPageTest" name="submitcredentials" time="6.732"/>
</testsuite> <!-- Test -->
