<?xml version="1.0" encoding="UTF-8"?>
<testng-results ignored="0" total="9" passed="9" failed="0" skipped="0">
  <reporter-output>
  </reporter-output>
  <suite started-at="2022-04-09T22:54:33 IST" name="Surefire suite" finished-at="2022-04-09T22:55:50 IST" duration-ms="76600">
    <groups>
    </groups>
    <test started-at="2022-04-09T22:54:33 IST" name="Surefire test" finished-at="2022-04-09T22:55:50 IST" duration-ms="76600">
      <class name="testcases.HomePageTest">
        <test-method is-config="true" signature="setup()[pri:0, instance:testcases.HomePageTest@7fc2413d]" started-at="2022-04-09T22:54:33 IST" name="setup" finished-at="2022-04-09T22:54:56 IST" duration-ms="23180" status="PASS">
          <reporter-output>
          </reporter-output>
        </test-method> <!-- setup -->
        <test-method signature="getPageTitle()[pri:1, instance:testcases.HomePageTest@7fc2413d]" started-at="2022-04-09T22:54:56 IST" name="getPageTitle" finished-at="2022-04-09T22:55:05 IST" duration-ms="9006" status="PASS">
          <reporter-output>
          </reporter-output>
        </test-method> <!-- getPageTitle -->
        <test-method signature="search()[pri:2, instance:testcases.HomePageTest@7fc2413d]" started-at="2022-04-09T22:55:05 IST" name="search" finished-at="2022-04-09T22:55:07 IST" duration-ms="1656" status="PASS">
          <reporter-output>
          </reporter-output>
        </test-method> <!-- search -->
        <test-method signature="clicksignin()[pri:3, instance:testcases.HomePageTest@7fc2413d]" started-at="2022-04-09T22:55:07 IST" name="clicksignin" finished-at="2022-04-09T22:55:10 IST" duration-ms="3182" status="PASS">
          <reporter-output>
          </reporter-output>
        </test-method> <!-- clicksignin -->
        <test-method is-config="true" signature="close()[pri:0, instance:testcases.HomePageTest@7fc2413d]" started-at="2022-04-09T22:55:10 IST" name="close" finished-at="2022-04-09T22:55:11 IST" duration-ms="734" status="PASS">
          <reporter-output>
          </reporter-output>
        </test-method> <!-- close -->
      </class> <!-- testcases.HomePageTest -->
      <class name="testcases.LoginPageTest">
        <test-method is-config="true" signature="setup()[pri:0, instance:testcases.LoginPageTest@1d082e88]" started-at="2022-04-09T22:55:11 IST" name="setup" finished-at="2022-04-09T22:55:40 IST" duration-ms="29024" status="PASS">
          <reporter-output>
          </reporter-output>
        </test-method> <!-- setup -->
        <test-method signature="pagetitletest()[pri:1, instance:testcases.LoginPageTest@1d082e88]" started-at="2022-04-09T22:55:40 IST" name="pagetitletest" finished-at="2022-04-09T22:55:40 IST" duration-ms="27" status="PASS">
          <reporter-output>
          </reporter-output>
        </test-method> <!-- pagetitletest -->
        <test-method signature="validateloginid()[pri:2, instance:testcases.LoginPageTest@1d082e88]" started-at="2022-04-09T22:55:40 IST" name="validateloginid" finished-at="2022-04-09T22:55:41 IST" duration-ms="673" status="PASS">
          <reporter-output>
          </reporter-output>
        </test-method> <!-- validateloginid -->
        <test-method signature="enterloginid()[pri:3, instance:testcases.LoginPageTest@1d082e88]" started-at="2022-04-09T22:55:41 IST" name="enterloginid" finished-at="2022-04-09T22:55:41 IST" duration-ms="399" status="PASS">
          <reporter-output>
          </reporter-output>
        </test-method> <!-- enterloginid -->
        <test-method signature="validatepass()[pri:4, instance:testcases.LoginPageTest@1d082e88]" started-at="2022-04-09T22:55:41 IST" name="validatepass" finished-at="2022-04-09T22:55:41 IST" duration-ms="219" status="PASS">
          <reporter-output>
          </reporter-output>
        </test-method> <!-- validatepass -->
        <test-method signature="enterpasswrd()[pri:5, instance:testcases.LoginPageTest@1d082e88]" started-at="2022-04-09T22:55:41 IST" name="enterpasswrd" finished-at="2022-04-09T22:55:42 IST" duration-ms="441" status="PASS">
          <reporter-output>
          </reporter-output>
        </test-method> <!-- enterpasswrd -->
        <test-method signature="submitcredentials()[pri:6, instance:testcases.LoginPageTest@1d082e88]" started-at="2022-04-09T22:55:42 IST" name="submitcredentials" finished-at="2022-04-09T22:55:49 IST" duration-ms="6886" status="PASS">
          <reporter-output>
          </reporter-output>
        </test-method> <!-- submitcredentials -->
        <test-method is-config="true" signature="quit()[pri:0, instance:testcases.LoginPageTest@1d082e88]" started-at="2022-04-09T22:55:49 IST" name="quit" finished-at="2022-04-09T22:55:50 IST" duration-ms="1077" status="PASS">
          <reporter-output>
          </reporter-output>
        </test-method> <!-- quit -->
      </class> <!-- testcases.LoginPageTest -->
    </test> <!-- Surefire test -->
  </suite> <!-- Surefire suite -->
</testng-results>
