<?xml version="1.0" encoding="UTF-8"?>
<!-- Generated by org.testng.reporters.JUnitXMLReporter -->
<testsuite ignored="0" hostname="Lenovo-PC" failures="0" tests="6" name="Command line test" time="47.087" errors="0" timestamp="2022-04-03T17:30:12 IST">
  <testcase classname="testcases.LoginPageTest" name="pagetitletest" time="0.043"/>
  <testcase classname="testcases.LoginPageTest" name="validateloginid" time="0.101"/>
  <testcase classname="testcases.LoginPageTest" name="enterloginid" time="0.277"/>
  <testcase classname="testcases.LoginPageTest" name="validatepass" time="0.14"/>
  <testcase classname="testcases.LoginPageTest" name="enterpasswrd" time="0.142"/>
  <testcase classname="testcases.LoginPageTest" name="submitcredentials" time="11.398"/>
</testsuite> <!-- Command line test -->
